2022-10-23 16:22:08,855:WARNING:
'cuml' is a soft dependency and not included in the pycaret installation. Please run: `pip install cuml` to install.
2022-10-23 16:22:08,855:WARNING:
'cuml' is a soft dependency and not included in the pycaret installation. Please run: `pip install cuml` to install.
2022-10-23 16:22:08,855:WARNING:
'cuml' is a soft dependency and not included in the pycaret installation. Please run: `pip install cuml` to install.
2022-10-23 16:22:08,855:WARNING:
'cuml' is a soft dependency and not included in the pycaret installation. Please run: `pip install cuml` to install.
2022-10-23 16:50:41,312:WARNING:
'cuml' is a soft dependency and not included in the pycaret installation. Please run: `pip install cuml` to install.
2022-10-23 16:50:41,315:WARNING:
'cuml' is a soft dependency and not included in the pycaret installation. Please run: `pip install cuml` to install.
2022-10-23 16:50:41,315:WARNING:
'cuml' is a soft dependency and not included in the pycaret installation. Please run: `pip install cuml` to install.
2022-10-23 16:50:41,315:WARNING:
'cuml' is a soft dependency and not included in the pycaret installation. Please run: `pip install cuml` to install.
2022-10-23 16:50:43,778:WARNING:
'prophet' is a soft dependency and not included in the pycaret installation. Please run: `pip install prophet` to install.
2022-10-23 16:50:44,581:INFO:Initializing load_model()
2022-10-23 16:50:44,582:INFO:load_model(model_name=C:/Users/user/Desktop/bj/Bbeojung.kr/Web/Model\lgbm_frist.pkl, platform=None, authentication=None, verbose=True)
2022-10-23 16:51:22,805:WARNING:
'cuml' is a soft dependency and not included in the pycaret installation. Please run: `pip install cuml` to install.
2022-10-23 16:51:22,805:WARNING:
'cuml' is a soft dependency and not included in the pycaret installation. Please run: `pip install cuml` to install.
2022-10-23 16:51:22,806:WARNING:
'cuml' is a soft dependency and not included in the pycaret installation. Please run: `pip install cuml` to install.
2022-10-23 16:51:22,806:WARNING:
'cuml' is a soft dependency and not included in the pycaret installation. Please run: `pip install cuml` to install.
2022-10-23 16:51:24,430:WARNING:
'prophet' is a soft dependency and not included in the pycaret installation. Please run: `pip install prophet` to install.
2022-10-23 16:51:25,182:INFO:Initializing load_model()
2022-10-23 16:51:25,182:INFO:load_model(model_name=C:/Users/user/Desktop/bj/Bbeojung.kr/Web/Model\lgbm_first.pkl, platform=None, authentication=None, verbose=True)
2022-10-23 16:51:47,405:WARNING:
'cuml' is a soft dependency and not included in the pycaret installation. Please run: `pip install cuml` to install.
2022-10-23 16:51:47,405:WARNING:
'cuml' is a soft dependency and not included in the pycaret installation. Please run: `pip install cuml` to install.
2022-10-23 16:51:47,405:WARNING:
'cuml' is a soft dependency and not included in the pycaret installation. Please run: `pip install cuml` to install.
2022-10-23 16:51:47,405:WARNING:
'cuml' is a soft dependency and not included in the pycaret installation. Please run: `pip install cuml` to install.
2022-10-23 16:51:48,963:WARNING:
'prophet' is a soft dependency and not included in the pycaret installation. Please run: `pip install prophet` to install.
2022-10-23 16:51:49,727:INFO:Initializing load_model()
2022-10-23 16:51:49,727:INFO:load_model(model_name=C:/Users/user/Desktop/bj/Bbeojung.kr/Web/Model\lgbm_first, platform=None, authentication=None, verbose=True)
2022-10-23 16:52:58,558:WARNING:
'cuml' is a soft dependency and not included in the pycaret installation. Please run: `pip install cuml` to install.
2022-10-23 16:52:58,558:WARNING:
'cuml' is a soft dependency and not included in the pycaret installation. Please run: `pip install cuml` to install.
2022-10-23 16:52:58,558:WARNING:
'cuml' is a soft dependency and not included in the pycaret installation. Please run: `pip install cuml` to install.
2022-10-23 16:52:58,558:WARNING:
'cuml' is a soft dependency and not included in the pycaret installation. Please run: `pip install cuml` to install.
2022-10-23 16:53:00,171:WARNING:
'prophet' is a soft dependency and not included in the pycaret installation. Please run: `pip install prophet` to install.
2022-10-23 16:53:00,889:INFO:Initializing load_model()
2022-10-23 16:53:00,889:INFO:load_model(model_name=C:/Users/user/Desktop/bj/Bbeojung.kr/Web/Model\lgbm_first, platform=None, authentication=None, verbose=True)
